# JRE version: OpenJDK Runtime Environment (8.0_112-b06) (build 1.8.0_112-release-b06)
# Java VM: OpenJDK 64-Bit Server VM (25.112-b06 mixed mode windows-amd64 compressed oops)
Heap:
 PSYoungGen      total 206848K, used 118550K [0x00000000e0000000, 0x00000000f2180000, 0x0000000100000000)
  eden space 177664K, 61% used [0x00000000e0000000,0x00000000e6abcbf0,0x00000000ead80000)
  from space 29184K, 31% used [0x00000000ead80000,0x00000000eb688cb8,0x00000000eca00000)
  to   space 28160K, 0% used [0x00000000f0600000,0x00000000f0600000,0x00000000f2180000)
 ParOldGen       total 164352K, used 46781K [0x00000000a0000000, 0x00000000aa080000, 0x00000000e0000000)
  object space 164352K, 28% used [0x00000000a0000000,0x00000000a2daf450,0x00000000aa080000)
 Metaspace       used 66269K, capacity 68916K, committed 68992K, reserved 1110016K
  class space    used 8698K, capacity 9308K, committed 9344K, reserved 1048576K
GC Heap History (10 events):
Event: 12.949 GC heap before
{Heap before GC invocations=12 (full 2):
 PSYoungGen      total 139264K, used 139252K [0x00000000e0000000, 0x00000000eb500000, 0x0000000100000000)
  eden space 126976K, 100% used [0x00000000e0000000,0x00000000e7c00000,0x00000000e7c00000)
  from space 12288K, 99% used [0x00000000e7c00000,0x00000000e87fd368,0x00000000e8800000)
  to   space 15360K, 0% used [0x00000000ea600000,0x00000000ea600000,0x00000000eb500000)
 ParOldGen       total 111104K, used 21020K [0x00000000a0000000, 0x00000000a6c80000, 0x00000000e0000000)
  object space 111104K, 18% used [0x00000000a0000000,0x00000000a1487298,0x00000000a6c80000)
 Metaspace       used 50933K, capacity 52826K, committed 53120K, reserved 1095680K
  class space    used 7028K, capacity 7482K, committed 7552K, reserved 1048576K
Event: 12.994 GC heap after
Heap after GC invocations=12 (full 2):
 PSYoungGen      total 163840K, used 15343K [0x00000000e0000000, 0x00000000ec480000, 0x0000000100000000)
  eden space 148480K, 0% used [0x00000000e0000000,0x00000000e0000000,0x00000000e9100000)
  from space 15360K, 99% used [0x00000000ea600000,0x00000000eb4fbdf8,0x00000000eb500000)
  to   space 21504K, 0% used [0x00000000e9100000,0x00000000e9100000,0x00000000ea600000)
 ParOldGen       total 111104K, used 32751K [0x00000000a0000000, 0x00000000a6c80000, 0x00000000e0000000)
  object space 111104K, 29% used [0x00000000a0000000,0x00000000a1ffbc98,0x00000000a6c80000)
 Metaspace       used 50933K, capacity 52826K, committed 53120K, reserved 1095680K
  class space    used 7028K, capacity 7482K, committed 7552K, reserved 1048576K
}
Event: 21.550 GC heap before
{Heap before GC invocations=13 (full 2):
 PSYoungGen      total 163840K, used 163823K [0x00000000e0000000, 0x00000000ec480000, 0x0000000100000000)
  eden space 148480K, 100% used [0x00000000e0000000,0x00000000e9100000,0x00000000e9100000)
  from space 15360K, 99% used [0x00000000ea600000,0x00000000eb4fbdf8,0x00000000eb500000)
  to   space 21504K, 0% used [0x00000000e9100000,0x00000000e9100000,0x00000000ea600000)
 ParOldGen       total 111104K, used 32751K [0x00000000a0000000, 0x00000000a6c80000, 0x00000000e0000000)
  object space 111104K, 29% used [0x00000000a0000000,0x00000000a1ffbc98,0x00000000a6c80000)
 Metaspace       used 56443K, capacity 58856K, committed 59008K, reserved 1099776K
  class space    used 7664K, capacity 8210K, committed 8320K, reserved 1048576K
Event: 21.580 GC heap after
Heap after GC invocations=13 (full 2):
 PSYoungGen      total 169984K, used 21503K [0x00000000e0000000, 0x00000000ee400000, 0x0000000100000000)
  eden space 148480K, 0% used [0x00000000e0000000,0x00000000e0000000,0x00000000e9100000)
  from space 21504K, 99% used [0x00000000e9100000,0x00000000ea5ffe08,0x00000000ea600000)
  to   space 26624K, 0% used [0x00000000eca00000,0x00000000eca00000,0x00000000ee400000)
 ParOldGen       total 111104K, used 39116K [0x00000000a0000000, 0x00000000a6c80000, 0x00000000e0000000)
  object space 111104K, 35% used [0x00000000a0000000,0x00000000a2633070,0x00000000a6c80000)
 Metaspace       used 56443K, capacity 58856K, committed 59008K, reserved 1099776K
  class space    used 7664K, capacity 8210K, committed 8320K, reserved 1048576K
}
Event: 21.751 GC heap before
{Heap before GC invocations=14 (full 2):
 PSYoungGen      total 169984K, used 33218K [0x00000000e0000000, 0x00000000ee400000, 0x0000000100000000)
  eden space 148480K, 7% used [0x00000000e0000000,0x00000000e0b70de8,0x00000000e9100000)
  from space 21504K, 99% used [0x00000000e9100000,0x00000000ea5ffe08,0x00000000ea600000)
  to   space 26624K, 0% used [0x00000000eca00000,0x00000000eca00000,0x00000000ee400000)
 ParOldGen       total 111104K, used 39116K [0x00000000a0000000, 0x00000000a6c80000, 0x00000000e0000000)
  object space 111104K, 35% used [0x00000000a0000000,0x00000000a2633070,0x00000000a6c80000)
 Metaspace       used 56638K, capacity 58984K, committed 59096K, reserved 1099776K
  class space    used 7670K, capacity 8210K, committed 8320K, reserved 1048576K
Event: 21.775 GC heap after
Heap after GC invocations=14 (full 2):
 PSYoungGen      total 204288K, used 22591K [0x00000000e0000000, 0x00000000f0200000, 0x0000000100000000)
  eden space 177664K, 0% used [0x00000000e0000000,0x00000000e0000000,0x00000000ead80000)
  from space 26624K, 84% used [0x00000000eca00000,0x00000000ee00fe18,0x00000000ee400000)
  to   space 29184K, 0% used [0x00000000ead80000,0x00000000ead80000,0x00000000eca00000)
 ParOldGen       total 111104K, used 39124K [0x00000000a0000000, 0x00000000a6c80000, 0x00000000e0000000)
  object space 111104K, 35% used [0x00000000a0000000,0x00000000a2635070,0x00000000a6c80000)
 Metaspace       used 56638K, capacity 58984K, committed 59096K, reserved 1099776K
  class space    used 7670K, capacity 8210K, committed 8320K, reserved 1048576K
}
Event: 21.775 GC heap before
{Heap before GC invocations=15 (full 3):
 PSYoungGen      total 204288K, used 22591K [0x00000000e0000000, 0x00000000f0200000, 0x0000000100000000)
  eden space 177664K, 0% used [0x00000000e0000000,0x00000000e0000000,0x00000000ead80000)
  from space 26624K, 84% used [0x00000000eca00000,0x00000000ee00fe18,0x00000000ee400000)
  to   space 29184K, 0% used [0x00000000ead80000,0x00000000ead80000,0x00000000eca00000)
 ParOldGen       total 111104K, used 39124K [0x00000000a0000000, 0x00000000a6c80000, 0x00000000e0000000)
  object space 111104K, 35% used [0x00000000a0000000,0x00000000a2635070,0x00000000a6c80000)
 Metaspace       used 56638K, capacity 58984K, committed 59096K, reserved 1099776K
  class space    used 7670K, capacity 8210K, committed 8320K, reserved 1048576K
Event: 22.081 GC heap after
Heap after GC invocations=15 (full 3):
 PSYoungGen      total 204288K, used 0K [0x00000000e0000000, 0x00000000f0200000, 0x0000000100000000)
  eden space 177664K, 0% used [0x00000000e0000000,0x00000000e0000000,0x00000000ead80000)
  from space 26624K, 0% used [0x00000000eca00000,0x00000000eca00000,0x00000000ee400000)
  to   space 29184K, 0% used [0x00000000ead80000,0x00000000ead80000,0x00000000eca00000)
 ParOldGen       total 164352K, used 46781K [0x00000000a0000000, 0x00000000aa080000, 0x00000000e0000000)
  object space 164352K, 28% used [0x00000000a0000000,0x00000000a2daf450,0x00000000aa080000)
 Metaspace       used 56638K, capacity 58984K, committed 59096K, reserved 1099776K
  class space    used 7670K, capacity 8210K, committed 8320K, reserved 1048576K
}
Event: 123.539 GC heap before
{Heap before GC invocations=16 (full 3):
 PSYoungGen      total 204288K, used 177664K [0x00000000e0000000, 0x00000000f0200000, 0x0000000100000000)
  eden space 177664K, 100% used [0x00000000e0000000,0x00000000ead80000,0x00000000ead80000)
  from space 26624K, 0% used [0x00000000eca00000,0x00000000eca00000,0x00000000ee400000)
  to   space 29184K, 0% used [0x00000000ead80000,0x00000000ead80000,0x00000000eca00000)
 ParOldGen       total 164352K, used 46781K [0x00000000a0000000, 0x00000000aa080000, 0x00000000e0000000)
  object space 164352K, 28% used [0x00000000a0000000,0x00000000a2daf450,0x00000000aa080000)
 Metaspace       used 61861K, capacity 64492K, committed 64768K, reserved 1105920K
  class space    used 8320K, capacity 8882K, committed 8960K, reserved 1048576K
Event: 123.616 GC heap after
Heap after GC invocations=16 (full 3):
 PSYoungGen      total 206848K, used 9251K [0x00000000e0000000, 0x00000000f2180000, 0x0000000100000000)
  eden space 177664K, 0% used [0x00000000e0000000,0x00000000e0000000,0x00000000ead80000)
  from space 29184K, 31% used [0x00000000ead80000,0x00000000eb688cb8,0x00000000eca00000)
  to   space 28160K, 0% used [0x00000000f0600000,0x00000000f0600000,0x00000000f2180000)
 ParOldGen       total 164352K, used 46781K [0x00000000a0000000, 0x00000000aa080000, 0x00000000e0000000)
  object space 164352K, 28% used [0x00000000a0000000,0x00000000a2daf450,0x00000000aa080000)
 Metaspace       used 61861K, capacity 64492K, committed 64768K, reserved 1105920K
  class space    used 8320K, capacity 8882K, committed 8960K, reserved 1048576K
}

